<?xml version="1.0" encoding="UTF-8"?>
<testng-results ignored="0" total="1" passed="1" failed="0" skipped="0">
  <reporter-output>
  </reporter-output>
  <suite started-at="2022-12-13T13:14:32 IST" name="Default suite" finished-at="2022-12-13T13:14:41 IST" duration-ms="9064">
    <groups>
    </groups>
    <test started-at="2022-12-13T13:14:32 IST" name="Default test" finished-at="2022-12-13T13:14:41 IST" duration-ms="9064">
      <class name="maventestpackage.MavenTestClass">
        <test-method signature="test()[pri:0, instance:maventestpackage.MavenTestClass@36916eb0]" started-at="2022-12-13T13:14:32 IST" name="test" finished-at="2022-12-13T13:14:41 IST" duration-ms="8828" status="PASS">
          <reporter-output>
          </reporter-output>
        </test-method> <!-- test -->
      </class> <!-- maventestpackage.MavenTestClass -->
    </test> <!-- Default test -->
  </suite> <!-- Default suite -->
</testng-results>
